# JRE version: OpenJDK Runtime Environment Corretto-17.0.14.7.1 (17.0.14+7) (build 17.0.14+7-LTS)
# Java VM: OpenJDK 64-Bit Server VM Corretto-17.0.14.7.1 (17.0.14+7-LTS, mixed mode, emulated-client, sharing, tiered, compressed oops, compressed class ptrs, g1 gc, windows-amd64)
GC Precious Log:
 CPUs: 16 total, 16 available
 Memory: 16088M
 Large Page Support: Disabled
 NUMA Support: Disabled
 Compressed Oops: Enabled (Zero based)
 Heap Region Size: 2M
 Heap Min Capacity: 8M
 Heap Initial Capacity: 252M
 Heap Max Capacity: 4024M
 Pre-touch: Disabled
 Parallel Workers: 13
 Concurrent Workers: 3
 Concurrent Refinement Workers: 13
 Periodic GC: Disabled
Heap:
 garbage-first heap   total 192512K, used 112734K [0x0000000704800000, 0x0000000800000000)
  region size 2048K, 41 young (83968K), 2 survivors (4096K)
 Metaspace       used 80826K, committed 81472K, reserved 1179648K
  class space    used 11840K, committed 12160K, reserved 1048576K
GC Heap History (20 events):
Event: 1.040 GC heap before
{Heap before GC invocations=3 (full 0):
 garbage-first heap   total 258048K, used 26673K [0x0000000704800000, 0x0000000800000000)
  region size 2048K, 10 young (20480K), 3 survivors (6144K)
 Metaspace       used 21236K, committed 21504K, reserved 1114112K
  class space    used 2900K, committed 3072K, reserved 1048576K
}
Event: 1.043 GC heap after
{Heap after GC invocations=4 (full 0):
 garbage-first heap   total 258048K, used 15352K [0x0000000704800000, 0x0000000800000000)
  region size 2048K, 3 young (6144K), 3 survivors (6144K)
 Metaspace       used 21236K, committed 21504K, reserved 1114112K
  class space    used 2900K, committed 3072K, reserved 1048576K
}
Event: 1.252 GC heap before
{Heap before GC invocations=5 (full 0):
 garbage-first heap   total 61440K, used 44024K [0x0000000704800000, 0x0000000800000000)
  region size 2048K, 18 young (36864K), 3 survivors (6144K)
 Metaspace       used 23698K, committed 24000K, reserved 1114112K
  class space    used 3234K, committed 3392K, reserved 1048576K
}
Event: 1.256 GC heap after
{Heap after GC invocations=6 (full 0):
 garbage-first heap   total 61440K, used 17621K [0x0000000704800000, 0x0000000800000000)
  region size 2048K, 4 young (8192K), 4 survivors (8192K)
 Metaspace       used 23698K, committed 24000K, reserved 1114112K
  class space    used 3234K, committed 3392K, reserved 1048576K
}
Event: 1.273 GC heap before
{Heap before GC invocations=6 (full 0):
 garbage-first heap   total 61440K, used 19669K [0x0000000704800000, 0x0000000800000000)
  region size 2048K, 5 young (10240K), 4 survivors (8192K)
 Metaspace       used 23795K, committed 24064K, reserved 1114112K
  class space    used 3250K, committed 3392K, reserved 1048576K
}
Event: 1.280 GC heap after
{Heap after GC invocations=7 (full 0):
 garbage-first heap   total 159744K, used 18438K [0x0000000704800000, 0x0000000800000000)
  region size 2048K, 1 young (2048K), 1 survivors (2048K)
 Metaspace       used 23795K, committed 24064K, reserved 1114112K
  class space    used 3250K, committed 3392K, reserved 1048576K
}
Event: 2.159 GC heap before
{Heap before GC invocations=7 (full 0):
 garbage-first heap   total 159744K, used 108550K [0x0000000704800000, 0x0000000800000000)
  region size 2048K, 46 young (94208K), 1 survivors (2048K)
 Metaspace       used 34615K, committed 35072K, reserved 1114112K
  class space    used 4900K, committed 5120K, reserved 1048576K
}
Event: 2.164 GC heap after
{Heap after GC invocations=8 (full 0):
 garbage-first heap   total 159744K, used 23463K [0x0000000704800000, 0x0000000800000000)
  region size 2048K, 4 young (8192K), 4 survivors (8192K)
 Metaspace       used 34615K, committed 35072K, reserved 1114112K
  class space    used 4900K, committed 5120K, reserved 1048576K
}
Event: 2.269 GC heap before
{Heap before GC invocations=8 (full 0):
 garbage-first heap   total 159744K, used 35751K [0x0000000704800000, 0x0000000800000000)
  region size 2048K, 11 young (22528K), 4 survivors (8192K)
 Metaspace       used 35662K, committed 36096K, reserved 1114112K
  class space    used 5066K, committed 5312K, reserved 1048576K
}
Event: 2.273 GC heap after
{Heap after GC invocations=9 (full 0):
 garbage-first heap   total 159744K, used 24459K [0x0000000704800000, 0x0000000800000000)
  region size 2048K, 4 young (8192K), 4 survivors (8192K)
 Metaspace       used 35662K, committed 36096K, reserved 1114112K
  class space    used 5066K, committed 5312K, reserved 1048576K
}
Event: 2.912 GC heap before
{Heap before GC invocations=10 (full 0):
 garbage-first heap   total 96256K, used 73611K [0x0000000704800000, 0x0000000800000000)
  region size 2048K, 28 young (57344K), 4 survivors (8192K)
 Metaspace       used 47548K, committed 48000K, reserved 1114112K
  class space    used 6753K, committed 6976K, reserved 1048576K
}
Event: 2.917 GC heap after
{Heap after GC invocations=11 (full 0):
 garbage-first heap   total 96256K, used 26886K [0x0000000704800000, 0x0000000800000000)
  region size 2048K, 2 young (4096K), 2 survivors (4096K)
 Metaspace       used 47548K, committed 48000K, reserved 1114112K
  class space    used 6753K, committed 6976K, reserved 1048576K
}
Event: 3.377 GC heap before
{Heap before GC invocations=11 (full 0):
 garbage-first heap   total 96256K, used 71942K [0x0000000704800000, 0x0000000800000000)
  region size 2048K, 24 young (49152K), 2 survivors (4096K)
 Metaspace       used 57520K, committed 58048K, reserved 1114112K
  class space    used 8371K, committed 8640K, reserved 1048576K
}
Event: 3.381 GC heap after
{Heap after GC invocations=12 (full 0):
 garbage-first heap   total 96256K, used 28859K [0x0000000704800000, 0x0000000800000000)
  region size 2048K, 3 young (6144K), 3 survivors (6144K)
 Metaspace       used 57520K, committed 58048K, reserved 1114112K
  class space    used 8371K, committed 8640K, reserved 1048576K
}
Event: 3.486 GC heap before
{Heap before GC invocations=12 (full 0):
 garbage-first heap   total 96256K, used 39099K [0x0000000704800000, 0x0000000800000000)
  region size 2048K, 9 young (18432K), 3 survivors (6144K)
 Metaspace       used 59904K, committed 60480K, reserved 1114112K
  class space    used 8645K, committed 8960K, reserved 1048576K
}
Event: 3.490 GC heap after
{Heap after GC invocations=13 (full 0):
 garbage-first heap   total 96256K, used 29876K [0x0000000704800000, 0x0000000800000000)
  region size 2048K, 2 young (4096K), 2 survivors (4096K)
 Metaspace       used 59904K, committed 60480K, reserved 1114112K
  class space    used 8645K, committed 8960K, reserved 1048576K
}
Event: 3.893 GC heap before
{Heap before GC invocations=14 (full 0):
 garbage-first heap   total 96256K, used 72884K [0x0000000704800000, 0x0000000800000000)
  region size 2048K, 23 young (47104K), 2 survivors (4096K)
 Metaspace       used 67512K, committed 68096K, reserved 1114112K
  class space    used 9920K, committed 10176K, reserved 1048576K
}
Event: 3.899 GC heap after
{Heap after GC invocations=15 (full 0):
 garbage-first heap   total 96256K, used 33450K [0x0000000704800000, 0x0000000800000000)
  region size 2048K, 3 young (6144K), 3 survivors (6144K)
 Metaspace       used 67512K, committed 68096K, reserved 1114112K
  class space    used 9920K, committed 10176K, reserved 1048576K
}
Event: 4.169 GC heap before
{Heap before GC invocations=15 (full 0):
 garbage-first heap   total 96256K, used 72362K [0x0000000704800000, 0x0000000800000000)
  region size 2048K, 23 young (47104K), 3 survivors (6144K)
 Metaspace       used 72701K, committed 73344K, reserved 1114112K
  class space    used 10707K, committed 11008K, reserved 1048576K
}
Event: 4.174 GC heap after
{Heap after GC invocations=16 (full 0):
 garbage-first heap   total 192512K, used 36958K [0x0000000704800000, 0x0000000800000000)
  region size 2048K, 2 young (4096K), 2 survivors (4096K)
 Metaspace       used 72701K, committed 73344K, reserved 1114112K
  class space    used 10707K, committed 11008K, reserved 1048576K
}

